<?xml version="1.0" encoding="UTF-8"?>
<!-- Generated by org.testng.reporters.JUnitReportReporter -->
<testsuite hostname="KAKON" failures="0" tests="1" name="TestCases.LoginTest" time="17.447" errors="0" timestamp="2022-06-26T00:43:09 BDT" skipped="0">
  <testcase classname="TestCases.LoginTest" name="login" time="17.447"/>
  <system-out/>
</testsuite> <!-- TestCases.LoginTest -->
